2012/12/16 13:57:17 [error] [php] date(): It is not safe to rely on the system's timezone settings. You are *required* to use the date.timezone setting or the date_default_timezone_set() function. In case you used any of those methods and you are still getting this warning, you most likely misspelled the timezone identifier. We selected 'Asia/Chongqing' for 'CST/8.0/no DST' instead (/home/dengwei/var/www/develop/yii/learntrack/protected/views/layouts/main.php:51)
Stack trace:
#0 /home/dengwei/var/www/develop/yii/framework/web/CBaseController.php(96): SiteController->renderInternal()
#1 /home/dengwei/var/www/develop/yii/framework/web/widgets/CContentDecorator.php(77): SiteController->renderFile()
#2 /home/dengwei/var/www/develop/yii/framework/web/widgets/CContentDecorator.php(55): CContentDecorator->decorate()
#3 /home/dengwei/var/www/develop/yii/framework/web/widgets/COutputProcessor.php(45): CContentDecorator->processOutput()
#4 /home/dengwei/var/www/develop/yii/framework/web/CBaseController.php(207): CContentDecorator->run()
#5 /home/dengwei/var/www/develop/yii/framework/web/CBaseController.php(301): SiteController->endWidget()
#6 /home/dengwei/var/www/develop/yii/learntrack/protected/views/layouts/column1.php(6): SiteController->endContent()
#7 /home/dengwei/var/www/develop/yii/framework/web/CBaseController.php(127): require()
#8 /home/dengwei/var/www/develop/yii/framework/web/CBaseController.php(96): SiteController->renderInternal()
#9 /home/dengwei/var/www/develop/yii/framework/web/CController.php(785): SiteController->renderFile()
#10 /home/dengwei/var/www/develop/yii/learntrack/protected/controllers/SiteController.php(32): SiteController->render()
#11 /home/dengwei/var/www/develop/yii/framework/web/actions/CInlineAction.php(50): SiteController->actionIndex()
#12 /home/dengwei/var/www/develop/yii/framework/web/CController.php(309): CInlineAction->runWithParams()
#13 /home/dengwei/var/www/develop/yii/framework/web/CController.php(287): SiteController->runAction()
#14 /home/dengwei/var/www/develop/yii/framework/web/CController.php(266): SiteController->runActionWithFilters()
#15 /home/dengwei/var/www/develop/yii/framework/web/CWebApplication.php(283): SiteController->run()
#16 /home/dengwei/var/www/develop/yii/framework/web/CWebApplication.php(142): CWebApplication->runController()
#17 /home/dengwei/var/www/develop/yii/framework/base/CApplication.php(162): CWebApplication->processRequest()
#18 /home/dengwei/var/www/develop/yii/learntrack/index.php(13): CWebApplication->run()
REQUEST_URI=/develop/yii/learntrack/
in /home/dengwei/var/www/develop/yii/learntrack/protected/views/layouts/main.php (51)
in /home/dengwei/var/www/develop/yii/learntrack/protected/views/layouts/column1.php (6)
in /home/dengwei/var/www/develop/yii/learntrack/protected/controllers/SiteController.php (32)
2012/12/16 14:01:17 [error] [php] date(): It is not safe to rely on the system's timezone settings. You are *required* to use the date.timezone setting or the date_default_timezone_set() function. In case you used any of those methods and you are still getting this warning, you most likely misspelled the timezone identifier. We selected 'Asia/Chongqing' for 'CST/8.0/no DST' instead (/home/dengwei/var/www/develop/yii/learntrack/protected/views/layouts/main.php:51)
Stack trace:
#0 /home/dengwei/var/www/develop/yii/framework/web/CBaseController.php(96): SiteController->renderInternal()
#1 /home/dengwei/var/www/develop/yii/framework/web/widgets/CContentDecorator.php(77): SiteController->renderFile()
#2 /home/dengwei/var/www/develop/yii/framework/web/widgets/CContentDecorator.php(55): CContentDecorator->decorate()
#3 /home/dengwei/var/www/develop/yii/framework/web/widgets/COutputProcessor.php(45): CContentDecorator->processOutput()
#4 /home/dengwei/var/www/develop/yii/framework/web/CBaseController.php(207): CContentDecorator->run()
#5 /home/dengwei/var/www/develop/yii/framework/web/CBaseController.php(301): SiteController->endWidget()
#6 /home/dengwei/var/www/develop/yii/learntrack/protected/views/layouts/column1.php(6): SiteController->endContent()
#7 /home/dengwei/var/www/develop/yii/framework/web/CBaseController.php(127): require()
#8 /home/dengwei/var/www/develop/yii/framework/web/CBaseController.php(96): SiteController->renderInternal()
#9 /home/dengwei/var/www/develop/yii/framework/web/CController.php(785): SiteController->renderFile()
#10 /home/dengwei/var/www/develop/yii/learntrack/protected/controllers/SiteController.php(32): SiteController->render()
#11 /home/dengwei/var/www/develop/yii/framework/web/actions/CInlineAction.php(50): SiteController->actionIndex()
#12 /home/dengwei/var/www/develop/yii/framework/web/CController.php(309): CInlineAction->runWithParams()
#13 /home/dengwei/var/www/develop/yii/framework/web/CController.php(287): SiteController->runAction()
#14 /home/dengwei/var/www/develop/yii/framework/web/CController.php(266): SiteController->runActionWithFilters()
#15 /home/dengwei/var/www/develop/yii/framework/web/CWebApplication.php(283): SiteController->run()
#16 /home/dengwei/var/www/develop/yii/framework/web/CWebApplication.php(142): CWebApplication->runController()
#17 /home/dengwei/var/www/develop/yii/framework/base/CApplication.php(162): CWebApplication->processRequest()
#18 /home/dengwei/var/www/develop/yii/learntrack/index.php(13): CWebApplication->run()
REQUEST_URI=/develop/yii/learntrack/
in /home/dengwei/var/www/develop/yii/learntrack/protected/views/layouts/main.php (51)
in /home/dengwei/var/www/develop/yii/learntrack/protected/views/layouts/column1.php (6)
in /home/dengwei/var/www/develop/yii/learntrack/protected/controllers/SiteController.php (32)
2012/12/16 14:01:18 [error] [php] date(): It is not safe to rely on the system's timezone settings. You are *required* to use the date.timezone setting or the date_default_timezone_set() function. In case you used any of those methods and you are still getting this warning, you most likely misspelled the timezone identifier. We selected 'Asia/Chongqing' for 'CST/8.0/no DST' instead (/home/dengwei/var/www/develop/yii/learntrack/protected/views/layouts/main.php:51)
Stack trace:
#0 /home/dengwei/var/www/develop/yii/framework/web/CBaseController.php(96): SiteController->renderInternal()
#1 /home/dengwei/var/www/develop/yii/framework/web/widgets/CContentDecorator.php(77): SiteController->renderFile()
#2 /home/dengwei/var/www/develop/yii/framework/web/widgets/CContentDecorator.php(55): CContentDecorator->decorate()
#3 /home/dengwei/var/www/develop/yii/framework/web/widgets/COutputProcessor.php(45): CContentDecorator->processOutput()
#4 /home/dengwei/var/www/develop/yii/framework/web/CBaseController.php(207): CContentDecorator->run()
#5 /home/dengwei/var/www/develop/yii/framework/web/CBaseController.php(301): SiteController->endWidget()
#6 /home/dengwei/var/www/develop/yii/learntrack/protected/views/layouts/column1.php(6): SiteController->endContent()
#7 /home/dengwei/var/www/develop/yii/framework/web/CBaseController.php(127): require()
#8 /home/dengwei/var/www/develop/yii/framework/web/CBaseController.php(96): SiteController->renderInternal()
#9 /home/dengwei/var/www/develop/yii/framework/web/CController.php(785): SiteController->renderFile()
#10 /home/dengwei/var/www/develop/yii/learntrack/protected/controllers/SiteController.php(32): SiteController->render()
#11 /home/dengwei/var/www/develop/yii/framework/web/actions/CInlineAction.php(50): SiteController->actionIndex()
#12 /home/dengwei/var/www/develop/yii/framework/web/CController.php(309): CInlineAction->runWithParams()
#13 /home/dengwei/var/www/develop/yii/framework/web/CController.php(287): SiteController->runAction()
#14 /home/dengwei/var/www/develop/yii/framework/web/CController.php(266): SiteController->runActionWithFilters()
#15 /home/dengwei/var/www/develop/yii/framework/web/CWebApplication.php(283): SiteController->run()
#16 /home/dengwei/var/www/develop/yii/framework/web/CWebApplication.php(142): CWebApplication->runController()
#17 /home/dengwei/var/www/develop/yii/framework/base/CApplication.php(162): CWebApplication->processRequest()
#18 /home/dengwei/var/www/develop/yii/learntrack/index.php(13): CWebApplication->run()
REQUEST_URI=/develop/yii/learntrack/
in /home/dengwei/var/www/develop/yii/learntrack/protected/views/layouts/main.php (51)
in /home/dengwei/var/www/develop/yii/learntrack/protected/views/layouts/column1.php (6)
in /home/dengwei/var/www/develop/yii/learntrack/protected/controllers/SiteController.php (32)
2012/12/16 14:01:19 [error] [php] date(): It is not safe to rely on the system's timezone settings. You are *required* to use the date.timezone setting or the date_default_timezone_set() function. In case you used any of those methods and you are still getting this warning, you most likely misspelled the timezone identifier. We selected 'Asia/Chongqing' for 'CST/8.0/no DST' instead (/home/dengwei/var/www/develop/yii/learntrack/protected/views/layouts/main.php:51)
Stack trace:
#0 /home/dengwei/var/www/develop/yii/framework/web/CBaseController.php(96): SiteController->renderInternal()
#1 /home/dengwei/var/www/develop/yii/framework/web/widgets/CContentDecorator.php(77): SiteController->renderFile()
#2 /home/dengwei/var/www/develop/yii/framework/web/widgets/CContentDecorator.php(55): CContentDecorator->decorate()
#3 /home/dengwei/var/www/develop/yii/framework/web/widgets/COutputProcessor.php(45): CContentDecorator->processOutput()
#4 /home/dengwei/var/www/develop/yii/framework/web/CBaseController.php(207): CContentDecorator->run()
#5 /home/dengwei/var/www/develop/yii/framework/web/CBaseController.php(301): SiteController->endWidget()
#6 /home/dengwei/var/www/develop/yii/learntrack/protected/views/layouts/column1.php(6): SiteController->endContent()
#7 /home/dengwei/var/www/develop/yii/framework/web/CBaseController.php(127): require()
#8 /home/dengwei/var/www/develop/yii/framework/web/CBaseController.php(96): SiteController->renderInternal()
#9 /home/dengwei/var/www/develop/yii/framework/web/CController.php(785): SiteController->renderFile()
#10 /home/dengwei/var/www/develop/yii/learntrack/protected/controllers/SiteController.php(32): SiteController->render()
#11 /home/dengwei/var/www/develop/yii/framework/web/actions/CInlineAction.php(50): SiteController->actionIndex()
#12 /home/dengwei/var/www/develop/yii/framework/web/CController.php(309): CInlineAction->runWithParams()
#13 /home/dengwei/var/www/develop/yii/framework/web/CController.php(287): SiteController->runAction()
#14 /home/dengwei/var/www/develop/yii/framework/web/CController.php(266): SiteController->runActionWithFilters()
#15 /home/dengwei/var/www/develop/yii/framework/web/CWebApplication.php(283): SiteController->run()
#16 /home/dengwei/var/www/develop/yii/framework/web/CWebApplication.php(142): CWebApplication->runController()
#17 /home/dengwei/var/www/develop/yii/framework/base/CApplication.php(162): CWebApplication->processRequest()
#18 /home/dengwei/var/www/develop/yii/learntrack/index.php(13): CWebApplication->run()
REQUEST_URI=/develop/yii/learntrack/
in /home/dengwei/var/www/develop/yii/learntrack/protected/views/layouts/main.php (51)
in /home/dengwei/var/www/develop/yii/learntrack/protected/views/layouts/column1.php (6)
in /home/dengwei/var/www/develop/yii/learntrack/protected/controllers/SiteController.php (32)
2012/12/16 14:01:19 [error] [php] date(): It is not safe to rely on the system's timezone settings. You are *required* to use the date.timezone setting or the date_default_timezone_set() function. In case you used any of those methods and you are still getting this warning, you most likely misspelled the timezone identifier. We selected 'Asia/Chongqing' for 'CST/8.0/no DST' instead (/home/dengwei/var/www/develop/yii/learntrack/protected/views/layouts/main.php:51)
Stack trace:
#0 /home/dengwei/var/www/develop/yii/framework/web/CBaseController.php(96): SiteController->renderInternal()
#1 /home/dengwei/var/www/develop/yii/framework/web/widgets/CContentDecorator.php(77): SiteController->renderFile()
#2 /home/dengwei/var/www/develop/yii/framework/web/widgets/CContentDecorator.php(55): CContentDecorator->decorate()
#3 /home/dengwei/var/www/develop/yii/framework/web/widgets/COutputProcessor.php(45): CContentDecorator->processOutput()
#4 /home/dengwei/var/www/develop/yii/framework/web/CBaseController.php(207): CContentDecorator->run()
#5 /home/dengwei/var/www/develop/yii/framework/web/CBaseController.php(301): SiteController->endWidget()
#6 /home/dengwei/var/www/develop/yii/learntrack/protected/views/layouts/column1.php(6): SiteController->endContent()
#7 /home/dengwei/var/www/develop/yii/framework/web/CBaseController.php(127): require()
#8 /home/dengwei/var/www/develop/yii/framework/web/CBaseController.php(96): SiteController->renderInternal()
#9 /home/dengwei/var/www/develop/yii/framework/web/CController.php(785): SiteController->renderFile()
#10 /home/dengwei/var/www/develop/yii/learntrack/protected/controllers/SiteController.php(32): SiteController->render()
#11 /home/dengwei/var/www/develop/yii/framework/web/actions/CInlineAction.php(50): SiteController->actionIndex()
#12 /home/dengwei/var/www/develop/yii/framework/web/CController.php(309): CInlineAction->runWithParams()
#13 /home/dengwei/var/www/develop/yii/framework/web/CController.php(287): SiteController->runAction()
#14 /home/dengwei/var/www/develop/yii/framework/web/CController.php(266): SiteController->runActionWithFilters()
#15 /home/dengwei/var/www/develop/yii/framework/web/CWebApplication.php(283): SiteController->run()
#16 /home/dengwei/var/www/develop/yii/framework/web/CWebApplication.php(142): CWebApplication->runController()
#17 /home/dengwei/var/www/develop/yii/framework/base/CApplication.php(162): CWebApplication->processRequest()
#18 /home/dengwei/var/www/develop/yii/learntrack/index.php(13): CWebApplication->run()
REQUEST_URI=/develop/yii/learntrack/
in /home/dengwei/var/www/develop/yii/learntrack/protected/views/layouts/main.php (51)
in /home/dengwei/var/www/develop/yii/learntrack/protected/views/layouts/column1.php (6)
in /home/dengwei/var/www/develop/yii/learntrack/protected/controllers/SiteController.php (32)
2012/12/16 14:01:19 [error] [php] date(): It is not safe to rely on the system's timezone settings. You are *required* to use the date.timezone setting or the date_default_timezone_set() function. In case you used any of those methods and you are still getting this warning, you most likely misspelled the timezone identifier. We selected 'Asia/Chongqing' for 'CST/8.0/no DST' instead (/home/dengwei/var/www/develop/yii/learntrack/protected/views/layouts/main.php:51)
Stack trace:
#0 /home/dengwei/var/www/develop/yii/framework/web/CBaseController.php(96): SiteController->renderInternal()
#1 /home/dengwei/var/www/develop/yii/framework/web/widgets/CContentDecorator.php(77): SiteController->renderFile()
#2 /home/dengwei/var/www/develop/yii/framework/web/widgets/CContentDecorator.php(55): CContentDecorator->decorate()
#3 /home/dengwei/var/www/develop/yii/framework/web/widgets/COutputProcessor.php(45): CContentDecorator->processOutput()
#4 /home/dengwei/var/www/develop/yii/framework/web/CBaseController.php(207): CContentDecorator->run()
#5 /home/dengwei/var/www/develop/yii/framework/web/CBaseController.php(301): SiteController->endWidget()
#6 /home/dengwei/var/www/develop/yii/learntrack/protected/views/layouts/column1.php(6): SiteController->endContent()
#7 /home/dengwei/var/www/develop/yii/framework/web/CBaseController.php(127): require()
#8 /home/dengwei/var/www/develop/yii/framework/web/CBaseController.php(96): SiteController->renderInternal()
#9 /home/dengwei/var/www/develop/yii/framework/web/CController.php(785): SiteController->renderFile()
#10 /home/dengwei/var/www/develop/yii/learntrack/protected/controllers/SiteController.php(32): SiteController->render()
#11 /home/dengwei/var/www/develop/yii/framework/web/actions/CInlineAction.php(50): SiteController->actionIndex()
#12 /home/dengwei/var/www/develop/yii/framework/web/CController.php(309): CInlineAction->runWithParams()
#13 /home/dengwei/var/www/develop/yii/framework/web/CController.php(287): SiteController->runAction()
#14 /home/dengwei/var/www/develop/yii/framework/web/CController.php(266): SiteController->runActionWithFilters()
#15 /home/dengwei/var/www/develop/yii/framework/web/CWebApplication.php(283): SiteController->run()
#16 /home/dengwei/var/www/develop/yii/framework/web/CWebApplication.php(142): CWebApplication->runController()
#17 /home/dengwei/var/www/develop/yii/framework/base/CApplication.php(162): CWebApplication->processRequest()
#18 /home/dengwei/var/www/develop/yii/learntrack/index.php(13): CWebApplication->run()
REQUEST_URI=/develop/yii/learntrack/
in /home/dengwei/var/www/develop/yii/learntrack/protected/views/layouts/main.php (51)
in /home/dengwei/var/www/develop/yii/learntrack/protected/views/layouts/column1.php (6)
in /home/dengwei/var/www/develop/yii/learntrack/protected/controllers/SiteController.php (32)
2012/12/16 14:01:20 [error] [php] date(): It is not safe to rely on the system's timezone settings. You are *required* to use the date.timezone setting or the date_default_timezone_set() function. In case you used any of those methods and you are still getting this warning, you most likely misspelled the timezone identifier. We selected 'Asia/Chongqing' for 'CST/8.0/no DST' instead (/home/dengwei/var/www/develop/yii/learntrack/protected/views/layouts/main.php:51)
Stack trace:
#0 /home/dengwei/var/www/develop/yii/framework/web/CBaseController.php(96): SiteController->renderInternal()
#1 /home/dengwei/var/www/develop/yii/framework/web/widgets/CContentDecorator.php(77): SiteController->renderFile()
#2 /home/dengwei/var/www/develop/yii/framework/web/widgets/CContentDecorator.php(55): CContentDecorator->decorate()
#3 /home/dengwei/var/www/develop/yii/framework/web/widgets/COutputProcessor.php(45): CContentDecorator->processOutput()
#4 /home/dengwei/var/www/develop/yii/framework/web/CBaseController.php(207): CContentDecorator->run()
#5 /home/dengwei/var/www/develop/yii/framework/web/CBaseController.php(301): SiteController->endWidget()
#6 /home/dengwei/var/www/develop/yii/learntrack/protected/views/layouts/column1.php(6): SiteController->endContent()
#7 /home/dengwei/var/www/develop/yii/framework/web/CBaseController.php(127): require()
#8 /home/dengwei/var/www/develop/yii/framework/web/CBaseController.php(96): SiteController->renderInternal()
#9 /home/dengwei/var/www/develop/yii/framework/web/CController.php(785): SiteController->renderFile()
#10 /home/dengwei/var/www/develop/yii/learntrack/protected/controllers/SiteController.php(32): SiteController->render()
#11 /home/dengwei/var/www/develop/yii/framework/web/actions/CInlineAction.php(50): SiteController->actionIndex()
#12 /home/dengwei/var/www/develop/yii/framework/web/CController.php(309): CInlineAction->runWithParams()
#13 /home/dengwei/var/www/develop/yii/framework/web/CController.php(287): SiteController->runAction()
#14 /home/dengwei/var/www/develop/yii/framework/web/CController.php(266): SiteController->runActionWithFilters()
#15 /home/dengwei/var/www/develop/yii/framework/web/CWebApplication.php(283): SiteController->run()
#16 /home/dengwei/var/www/develop/yii/framework/web/CWebApplication.php(142): CWebApplication->runController()
#17 /home/dengwei/var/www/develop/yii/framework/base/CApplication.php(162): CWebApplication->processRequest()
#18 /home/dengwei/var/www/develop/yii/learntrack/index.php(13): CWebApplication->run()
REQUEST_URI=/develop/yii/learntrack/
in /home/dengwei/var/www/develop/yii/learntrack/protected/views/layouts/main.php (51)
in /home/dengwei/var/www/develop/yii/learntrack/protected/views/layouts/column1.php (6)
in /home/dengwei/var/www/develop/yii/learntrack/protected/controllers/SiteController.php (32)
2012/12/16 14:01:20 [error] [php] date(): It is not safe to rely on the system's timezone settings. You are *required* to use the date.timezone setting or the date_default_timezone_set() function. In case you used any of those methods and you are still getting this warning, you most likely misspelled the timezone identifier. We selected 'Asia/Chongqing' for 'CST/8.0/no DST' instead (/home/dengwei/var/www/develop/yii/learntrack/protected/views/layouts/main.php:51)
Stack trace:
#0 /home/dengwei/var/www/develop/yii/framework/web/CBaseController.php(96): SiteController->renderInternal()
#1 /home/dengwei/var/www/develop/yii/framework/web/widgets/CContentDecorator.php(77): SiteController->renderFile()
#2 /home/dengwei/var/www/develop/yii/framework/web/widgets/CContentDecorator.php(55): CContentDecorator->decorate()
#3 /home/dengwei/var/www/develop/yii/framework/web/widgets/COutputProcessor.php(45): CContentDecorator->processOutput()
#4 /home/dengwei/var/www/develop/yii/framework/web/CBaseController.php(207): CContentDecorator->run()
#5 /home/dengwei/var/www/develop/yii/framework/web/CBaseController.php(301): SiteController->endWidget()
#6 /home/dengwei/var/www/develop/yii/learntrack/protected/views/layouts/column1.php(6): SiteController->endContent()
#7 /home/dengwei/var/www/develop/yii/framework/web/CBaseController.php(127): require()
#8 /home/dengwei/var/www/develop/yii/framework/web/CBaseController.php(96): SiteController->renderInternal()
#9 /home/dengwei/var/www/develop/yii/framework/web/CController.php(785): SiteController->renderFile()
#10 /home/dengwei/var/www/develop/yii/learntrack/protected/controllers/SiteController.php(32): SiteController->render()
#11 /home/dengwei/var/www/develop/yii/framework/web/actions/CInlineAction.php(50): SiteController->actionIndex()
#12 /home/dengwei/var/www/develop/yii/framework/web/CController.php(309): CInlineAction->runWithParams()
#13 /home/dengwei/var/www/develop/yii/framework/web/CController.php(287): SiteController->runAction()
#14 /home/dengwei/var/www/develop/yii/framework/web/CController.php(266): SiteController->runActionWithFilters()
#15 /home/dengwei/var/www/develop/yii/framework/web/CWebApplication.php(283): SiteController->run()
#16 /home/dengwei/var/www/develop/yii/framework/web/CWebApplication.php(142): CWebApplication->runController()
#17 /home/dengwei/var/www/develop/yii/framework/base/CApplication.php(162): CWebApplication->processRequest()
#18 /home/dengwei/var/www/develop/yii/learntrack/index.php(13): CWebApplication->run()
REQUEST_URI=/develop/yii/learntrack/
in /home/dengwei/var/www/develop/yii/learntrack/protected/views/layouts/main.php (51)
in /home/dengwei/var/www/develop/yii/learntrack/protected/views/layouts/column1.php (6)
in /home/dengwei/var/www/develop/yii/learntrack/protected/controllers/SiteController.php (32)
2012/12/16 14:01:20 [error] [php] date(): It is not safe to rely on the system's timezone settings. You are *required* to use the date.timezone setting or the date_default_timezone_set() function. In case you used any of those methods and you are still getting this warning, you most likely misspelled the timezone identifier. We selected 'Asia/Chongqing' for 'CST/8.0/no DST' instead (/home/dengwei/var/www/develop/yii/learntrack/protected/views/layouts/main.php:51)
Stack trace:
#0 /home/dengwei/var/www/develop/yii/framework/web/CBaseController.php(96): SiteController->renderInternal()
#1 /home/dengwei/var/www/develop/yii/framework/web/widgets/CContentDecorator.php(77): SiteController->renderFile()
#2 /home/dengwei/var/www/develop/yii/framework/web/widgets/CContentDecorator.php(55): CContentDecorator->decorate()
#3 /home/dengwei/var/www/develop/yii/framework/web/widgets/COutputProcessor.php(45): CContentDecorator->processOutput()
#4 /home/dengwei/var/www/develop/yii/framework/web/CBaseController.php(207): CContentDecorator->run()
#5 /home/dengwei/var/www/develop/yii/framework/web/CBaseController.php(301): SiteController->endWidget()
#6 /home/dengwei/var/www/develop/yii/learntrack/protected/views/layouts/column1.php(6): SiteController->endContent()
#7 /home/dengwei/var/www/develop/yii/framework/web/CBaseController.php(127): require()
#8 /home/dengwei/var/www/develop/yii/framework/web/CBaseController.php(96): SiteController->renderInternal()
#9 /home/dengwei/var/www/develop/yii/framework/web/CController.php(785): SiteController->renderFile()
#10 /home/dengwei/var/www/develop/yii/learntrack/protected/controllers/SiteController.php(32): SiteController->render()
#11 /home/dengwei/var/www/develop/yii/framework/web/actions/CInlineAction.php(50): SiteController->actionIndex()
#12 /home/dengwei/var/www/develop/yii/framework/web/CController.php(309): CInlineAction->runWithParams()
#13 /home/dengwei/var/www/develop/yii/framework/web/CController.php(287): SiteController->runAction()
#14 /home/dengwei/var/www/develop/yii/framework/web/CController.php(266): SiteController->runActionWithFilters()
#15 /home/dengwei/var/www/develop/yii/framework/web/CWebApplication.php(283): SiteController->run()
#16 /home/dengwei/var/www/develop/yii/framework/web/CWebApplication.php(142): CWebApplication->runController()
#17 /home/dengwei/var/www/develop/yii/framework/base/CApplication.php(162): CWebApplication->processRequest()
#18 /home/dengwei/var/www/develop/yii/learntrack/index.php(13): CWebApplication->run()
REQUEST_URI=/develop/yii/learntrack/
in /home/dengwei/var/www/develop/yii/learntrack/protected/views/layouts/main.php (51)
in /home/dengwei/var/www/develop/yii/learntrack/protected/views/layouts/column1.php (6)
in /home/dengwei/var/www/develop/yii/learntrack/protected/controllers/SiteController.php (32)
2012/12/16 14:01:20 [error] [php] date(): It is not safe to rely on the system's timezone settings. You are *required* to use the date.timezone setting or the date_default_timezone_set() function. In case you used any of those methods and you are still getting this warning, you most likely misspelled the timezone identifier. We selected 'Asia/Chongqing' for 'CST/8.0/no DST' instead (/home/dengwei/var/www/develop/yii/learntrack/protected/views/layouts/main.php:51)
Stack trace:
#0 /home/dengwei/var/www/develop/yii/framework/web/CBaseController.php(96): SiteController->renderInternal()
#1 /home/dengwei/var/www/develop/yii/framework/web/widgets/CContentDecorator.php(77): SiteController->renderFile()
#2 /home/dengwei/var/www/develop/yii/framework/web/widgets/CContentDecorator.php(55): CContentDecorator->decorate()
#3 /home/dengwei/var/www/develop/yii/framework/web/widgets/COutputProcessor.php(45): CContentDecorator->processOutput()
#4 /home/dengwei/var/www/develop/yii/framework/web/CBaseController.php(207): CContentDecorator->run()
#5 /home/dengwei/var/www/develop/yii/framework/web/CBaseController.php(301): SiteController->endWidget()
#6 /home/dengwei/var/www/develop/yii/learntrack/protected/views/layouts/column1.php(6): SiteController->endContent()
#7 /home/dengwei/var/www/develop/yii/framework/web/CBaseController.php(127): require()
#8 /home/dengwei/var/www/develop/yii/framework/web/CBaseController.php(96): SiteController->renderInternal()
#9 /home/dengwei/var/www/develop/yii/framework/web/CController.php(785): SiteController->renderFile()
#10 /home/dengwei/var/www/develop/yii/learntrack/protected/controllers/SiteController.php(32): SiteController->render()
#11 /home/dengwei/var/www/develop/yii/framework/web/actions/CInlineAction.php(50): SiteController->actionIndex()
#12 /home/dengwei/var/www/develop/yii/framework/web/CController.php(309): CInlineAction->runWithParams()
#13 /home/dengwei/var/www/develop/yii/framework/web/CController.php(287): SiteController->runAction()
#14 /home/dengwei/var/www/develop/yii/framework/web/CController.php(266): SiteController->runActionWithFilters()
#15 /home/dengwei/var/www/develop/yii/framework/web/CWebApplication.php(283): SiteController->run()
#16 /home/dengwei/var/www/develop/yii/framework/web/CWebApplication.php(142): CWebApplication->runController()
#17 /home/dengwei/var/www/develop/yii/framework/base/CApplication.php(162): CWebApplication->processRequest()
#18 /home/dengwei/var/www/develop/yii/learntrack/index.php(13): CWebApplication->run()
REQUEST_URI=/develop/yii/learntrack/
in /home/dengwei/var/www/develop/yii/learntrack/protected/views/layouts/main.php (51)
in /home/dengwei/var/www/develop/yii/learntrack/protected/views/layouts/column1.php (6)
in /home/dengwei/var/www/develop/yii/learntrack/protected/controllers/SiteController.php (32)
